#
# A fatal error has been detected by the Java Runtime Environment:
#
#  SIGILL (0x4) at pc=0x00000001166e5c52, pid=37125, tid=15739
#
# JRE version: Java(TM) SE Runtime Environment (10.0.2+13) (build 10.0.2+13)
# Java VM: Java HotSpot(TM) 64-Bit Server VM (10.0.2+13, mixed mode, tiered, compressed oops, g1 gc, bsd-amd64)
# Problematic frame:
# J 3382 c1 sun.security.util.DerValue.<init>(Lsun/security/util/DerInputBuffer;)V java.base@10.0.2 (250 bytes) @ 0x00000001166e5c52 [0x00000001166e2640+0x0000000000003612]
#
# No core dump will be written. Core dumps have been disabled. To enable core dumping, try "ulimit -c unlimited" before starting Java again
#
# If you would like to submit a bug report, please visit:
#   http://bugreport.java.com/bugreport/crash.jsp
#

---------------  S U M M A R Y ------------

Command Line: -Dfile.encoding=UTF-8 tutor.searcher.TutorSearcher.TutorSearcherApplication

Host: MacBookPro12,1 x86_64 2700 MHz, 4 cores, 8G, Darwin 18.7.0
Time: Mon Nov  4 21:17:37 2019 PST elapsed time: 10678 seconds (0d 2h 57m 58s)

---------------  T H R E A D  ---------------

Current thread (0x00007ff48c858000):  JavaThread "HikariPool-1 connection closer" daemon [_thread_in_Java, id=15739, stack(0x0000700002053000,0x0000700002153000)]

Stack: [0x0000700002053000,0x0000700002153000],  sp=0x0000700002151d30,  free space=1019k
Native frames: (J=compiled Java code, A=aot compiled Java code, j=interpreted, Vv=VM code, C=native code)
J 3382 c1 sun.security.util.DerValue.<init>(Lsun/security/util/DerInputBuffer;)V java.base@10.0.2 (250 bytes) @ 0x00000001166e5c52 [0x00000001166e2640+0x0000000000003612]

[error occurred during error reporting (printing native stack), id 0x4]


siginfo: si_signo: 4 (SIGILL), si_code: 1 (ILL_ILLOPC), si_addr: 0x00000001166e5c52

Register to memory mapping:

RAX=0x0000000000000015 is an unknown value
RBX=0x0000000000000005 is an unknown value
RCX=0x00000007c04da490 is pointing into metadata
RDX=0x00000000000003bf is an unknown value
RSP=0x0000700002151d30 is pointing into the stack for thread: 0x00007ff48c858000
RBP=0x00007000021526a8 is pointing into the stack for thread: 0x00007ff48c858000
RSI=0x0000000748971cb8 is an oop
com.sun.crypto.provider.CipherCore 
{0x0000000748971cb8} - klass: 'com/sun/crypto/provider/CipherCore'
RDI=0x0000000748971d28 is an oop
com.sun.crypto.provider.GaloisCounterMode 
{0x0000000748971d28} - klass: 'com/sun/crypto/provider/GaloisCounterMode'
R8 =0x000000012e442430 is pointing into metadata
R9 =0x0000000748971818 is an oop
[B 
{0x0000000748971818} - klass: {type array byte}
 - length: 972
R10=0x0000000108555000 is an unknown value
R11=0x0000000748971cb8 is an oop
com.sun.crypto.provider.CipherCore 
{0x0000000748971cb8} - klass: 'com/sun/crypto/provider/CipherCore'
R12=0x0000000000000000 is an unknown value
R13=0x000000000000000d is an unknown value
R14=0x000000000000000d is an unknown value
R15=0x00007ff48c858000 is a thread


Registers:
RAX=0x0000000000000015, RBX=0x0000000000000005, RCX=0x00000007c04da490, RDX=0x00000000000003bf
RSP=0x0000700002151d30, RBP=0x00007000021526a8, RSI=0x0000000748971cb8, RDI=0x0000000748971d28
R8 =0x000000012e442430, R9 =0x0000000748971818, R10=0x0000000108555000, R11=0x0000000748971cb8
R12=0x0000000000000000, R13=0x000000000000000d, R14=0x000000000000000d, R15=0x00007ff48c858000
RIP=0x00000001166e5c52, EFLAGS=0x0000000000010206, ERR=0x0000000000000000
  TRAPNO=0x0000000000000006

Top of Stack: (sp=0x0000700002151d30)
0x0000700002151d30:   00007000021526a8 00000001166733ec
0x0000700002151d40:   0000700002151d60 0000000109565981
0x0000700002151d50:   0000000000000000 0000000000000000
0x0000700002151d60:   0000700002151d80 0000000109565917
0x0000700002151d70:   0000000000000000 00007ff48c858070
0x0000700002151d80:   0000700002151db0 00000001095658e0
0x0000700002151d90:   0000700002151db0 00007ff48c858070
0x0000700002151da0:   00007ff48c858000 0000000000000004
0x0000700002151db0:   0000700002151dd0 0000000109565891
0x0000700002151dc0:   000000010915ca9c 00000007497c7d78
0x0000700002151dd0:   0000700002151df0 0000000109565867
0x0000700002151de0:   0000000748971818 000000050000000d
0x0000700002151df0:   0000000748971cb8 0000000748971818
0x0000700002151e00:   000070000000000d 000000010956569e
0x0000700002151e10:   00000001097bf501 00007ff48c858000
0x0000700002151e20:   0000001500000005 00000001000003bf
0x0000700002151e30:   00007ff48c858270 00007ff48b23b080
0x0000700002151e40:   0000700002151f00 000000010924c26b
0x0000700002151e50:   0000000000000000 000000011d71030e
0x0000700002151e60:   000000070000000d 00000007497c7d78
0x0000700002151e70:   0000000d00000000 00007ff48b255f78
0x0000700002151e80:   0000000000000000 0000000000000000
0x0000700002151e90:   00000000ffffffff 0000000749782df0
0x0000700002151ea0:   0000000000000000 0000000109770760
0x0000700002151eb0:   0000000000000000 0000000000000000
0x0000700002151ec0:   00007000021526a8 0000000748971c60
0x0000700002151ed0:   00007000021526a8 0000000116398044
0x0000700002151ee0:   0000000000000000 0000000000000000
0x0000700002151ef0:   0000000000000000 00007ff48c858000
0x0000700002151f00:   0000700002151f50 000000011d5891e9
0x0000700002151f10:   00007000021526a8 0000000748971ca0
0x0000700002151f20:   00000007489721f8 0000000748971c60 

Instructions: (pc=0x00000001166e5c52)
0x00000001166e5c32:   ff ff 90 48 bb 00 00 00 00 00 00 00 00 e9 fb ff
0x00000001166e5c42:   ff ff 90 48 bb 00 00 00 00 00 00 00 00 e9 fb ff
0x00000001166e5c52:   ff ff 90 48 bb 00 00 00 00 00 00 00 00 e9 fb ff
0x00000001166e5c62:   ff ff 90 48 bb 00 00 00 00 00 00 00 00 e9 fb ff 



---------------  P R O C E S S  ---------------

Threads class SMR info:
_java_thread_list=0x00007ff488c3d710, length=17, elements={
0x00007ff48a001000, 0x00007ff489828000, 0x00007ff48982b000, 0x00007ff48900c000,
0x00007ff4890b5000, 0x00007ff48a004000, 0x00007ff48a006000, 0x00007ff48a006800,
0x00007ff48a007800, 0x00007ff48a052800, 0x00007ff489e1a000, 0x00007ff489615800,
0x00007ff48aaa6800, 0x00007ff48c8c2000, 0x00007ff48d336800, 0x00007ff48c858000,
0x00007ff48b831800
}

Java Threads: ( => current thread )
  0x00007ff48a001000 JavaThread "main" [_thread_in_native, id=8963, stack(0x0000700000502000,0x0000700000602000)]
  0x00007ff489828000 JavaThread "Reference Handler" daemon [_thread_blocked, id=16131, stack(0x0000700001229000,0x0000700001329000)]
  0x00007ff48982b000 JavaThread "Finalizer" daemon [_thread_blocked, id=13827, stack(0x000070000132c000,0x000070000142c000)]
  0x00007ff48900c000 JavaThread "Signal Dispatcher" daemon [_thread_blocked, id=43267, stack(0x000070000142f000,0x000070000152f000)]
  0x00007ff4890b5000 JavaThread "C2 CompilerThread0" daemon [_thread_blocked, id=43011, stack(0x0000700001532000,0x0000700001632000)]
  0x00007ff48a004000 JavaThread "C2 CompilerThread1" daemon [_thread_blocked, id=42243, stack(0x0000700001635000,0x0000700001735000)]
  0x00007ff48a006000 JavaThread "C1 CompilerThread2" daemon [_thread_blocked, id=23299, stack(0x0000700001738000,0x0000700001838000)]
  0x00007ff48a006800 JavaThread "Sweeper thread" daemon [_thread_blocked, id=23811, stack(0x000070000183b000,0x000070000193b000)]
  0x00007ff48a007800 JavaThread "Service Thread" daemon [_thread_blocked, id=40963, stack(0x000070000193e000,0x0000700001a3e000)]
  0x00007ff48a052800 JavaThread "Common-Cleaner" daemon [_thread_blocked, id=40451, stack(0x0000700001a41000,0x0000700001b41000)]
  0x00007ff489e1a000 JavaThread "Catalina-utility-1" [_thread_blocked, id=39947, stack(0x0000700001c47000,0x0000700001d47000)]
  0x00007ff489615800 JavaThread "Catalina-utility-2" [_thread_blocked, id=39427, stack(0x0000700001d4a000,0x0000700001e4a000)]
  0x00007ff48aaa6800 JavaThread "container-0" [_thread_blocked, id=25859, stack(0x0000700001e4d000,0x0000700001f4d000)]
  0x00007ff48c8c2000 JavaThread "mysql-cj-abandoned-connection-cleanup" daemon [_thread_blocked, id=38403, stack(0x0000700001f50000,0x0000700002050000)]
  0x00007ff48d336800 JavaThread "HikariPool-1 housekeeper" daemon [_thread_blocked, id=37379, stack(0x0000700002156000,0x0000700002256000)]
=>0x00007ff48c858000 JavaThread "HikariPool-1 connection closer" daemon [_thread_in_Java, id=15739, stack(0x0000700002053000,0x0000700002153000)]
  0x00007ff48b831800 JavaThread "HikariPool-1 connection adder" daemon [_thread_in_vm, id=3079, stack(0x0000700002259000,0x0000700002359000)]

Other Threads:
  0x00007ff489008800 VMThread "VM Thread" [stack: 0x0000700001126000,0x0000700001226000] [id=16899]
  0x00007ff4898e3800 WatcherThread [stack: 0x0000700001b44000,0x0000700001c44000] [id=40195]
  0x00007ff489813000 GCTaskThread "GC Thread#0" [stack: 0x0000700000605000,0x0000700000705000] [id=20995]
  0x00007ff489002000 GCTaskThread "GC Thread#1" [stack: 0x0000700000708000,0x0000700000808000] [id=20483]
  0x00007ff489007800 GCTaskThread "GC Thread#2" [stack: 0x000070000080b000,0x000070000090b000] [id=11523]
  0x00007ff489016800 GCTaskThread "GC Thread#3" [stack: 0x000070000090e000,0x0000700000a0e000] [id=20227]
  0x00007ff48902f000 ConcurrentGCThread "G1 Main Marker" [stack: 0x0000700000a11000,0x0000700000b11000] [id=19715]
  0x00007ff48902f800 ConcurrentGCThread "G1 Conc#0" [stack: 0x0000700000b14000,0x0000700000c14000] [id=12035]
  0x00007ff489070800 ConcurrentGCThread "G1 Refine#0" [stack: 0x0000700000c17000,0x0000700000d17000] [id=18435]
  0x00007ff489813800 ConcurrentGCThread "G1 Refine#1" [stack: 0x0000700000d1a000,0x0000700000e1a000] [id=17923]
  0x00007ff489814800 ConcurrentGCThread "G1 Refine#2" [stack: 0x0000700000e1d000,0x0000700000f1d000] [id=17667]
  0x00007ff489815000 ConcurrentGCThread "G1 Refine#3" [stack: 0x0000700000f20000,0x0000700001020000] [id=12547]
  0x00007ff489071000 ConcurrentGCThread "G1 Young RemSet Sampling" [stack: 0x0000700001023000,0x0000700001123000] [id=12803]

Threads with active compile tasks:

VM state:not at safepoint (normal execution)

VM Mutex/Monitor currently owned by a thread: None

Heap address: 0x0000000740000000, size: 2048 MB, Compressed Oops mode: Zero based, Oop shift amount: 3
Narrow klass base: 0x0000000000000000, Narrow klass shift: 3
Compressed class space size: 1073741824 Address: 0x00000007c0000000

Heap:
 garbage-first heap   total 157696K, used 19043K [0x0000000740000000, 0x00000007c0000000)
  region size 1024K, 5 young (5120K), 2 survivors (2048K)
 Metaspace       used 45077K, capacity 45978K, committed 46336K, reserved 1089536K
  class space    used 4947K, capacity 5301K, committed 5376K, reserved 1048576K
Heap Regions: E=young(eden), S=young(survivor), O=old, HS=humongous(starts), HC=humongous(continues), CS=collection set, F=free, A=archive, TS=gc time stamp, AC=allocation context, TAMS=top-at-mark-start (previous, next)
|   0|0x0000000740000000, 0x0000000740100000, 0x0000000740100000|100%| O|  |TS  0|AC  0|TAMS 0x0000000740100000, 0x0000000740100000|
|   1|0x0000000740100000, 0x0000000740200000, 0x0000000740200000|100%| O|  |TS  0|AC  0|TAMS 0x0000000740200000, 0x0000000740200000|
|   2|0x0000000740200000, 0x0000000740300000, 0x0000000740300000|100%| O|  |TS  0|AC  0|TAMS 0x0000000740300000, 0x0000000740300000|
|   3|0x0000000740300000, 0x0000000740400000, 0x0000000740400000|100%| O|  |TS  0|AC  0|TAMS 0x0000000740400000, 0x0000000740400000|
|   4|0x0000000740400000, 0x0000000740500000, 0x0000000740500000|100%| O|  |TS  1|AC  0|TAMS 0x000000074041bc00, 0x000000074041bc00|
|   5|0x0000000740500000, 0x0000000740600000, 0x0000000740600000|100%| O|  |TS  1|AC  0|TAMS 0x0000000740500000, 0x0000000740500000|
|   6|0x0000000740600000, 0x0000000740700000, 0x0000000740700000|100%| O|  |TS  2|AC  0|TAMS 0x0000000740600000, 0x0000000740600000|
|   7|0x0000000740700000, 0x0000000740800000, 0x0000000740800000|100%| O|  |TS  2|AC  0|TAMS 0x0000000740700000, 0x0000000740700000|
|   8|0x0000000740800000, 0x0000000740900000, 0x0000000740900000|100%| O|  |TS  2|AC  0|TAMS 0x0000000740800000, 0x0000000740800000|
|   9|0x0000000740900000, 0x0000000740a00000, 0x0000000740a00000|100%| O|  |TS  2|AC  0|TAMS 0x0000000740900000, 0x0000000740900000|
|  10|0x0000000740a00000, 0x0000000740b00000, 0x0000000740b00000|100%| O|  |TS  2|AC  0|TAMS 0x0000000740a00000, 0x0000000740a00000|
|  11|0x0000000740b00000, 0x0000000740c00000, 0x0000000740c00000|100%| O|  |TS  2|AC  0|TAMS 0x0000000740b00000, 0x0000000740b00000|
|  12|0x0000000740c00000, 0x0000000740d00000, 0x0000000740d00000|100%| O|  |TS  2|AC  0|TAMS 0x0000000740c00000, 0x0000000740c00000|
|  13|0x0000000740d00000, 0x0000000740e00000, 0x0000000740e00000|100%| O|  |TS  2|AC  0|TAMS 0x0000000740d00000, 0x0000000740d00000|
|  14|0x0000000740e00000, 0x0000000740e98e00, 0x0000000740f00000| 59%| O|  |TS  2|AC  0|TAMS 0x0000000740e00000, 0x0000000740e00000|
|  15|0x0000000740f00000, 0x0000000740f00000, 0x0000000741000000|  0%| F|  |TS  0|AC  0|TAMS 0x0000000740f00000, 0x0000000740f00000|
|  16|0x0000000741000000, 0x0000000741000000, 0x0000000741100000|  0%| F|  |TS  0|AC  0|TAMS 0x0000000741000000, 0x0000000741000000|
|  17|0x0000000741100000, 0x0000000741100000, 0x0000000741200000|  0%| F|  |TS  0|AC  0|TAMS 0x0000000741100000, 0x0000000741100000|
|  18|0x0000000741200000, 0x0000000741200000, 0x0000000741300000|  0%| F|  |TS  0|AC  0|TAMS 0x0000000741200000, 0x0000000741200000|
|  19|0x0000000741300000, 0x0000000741300000, 0x0000000741400000|  0%| F|  |TS  0|AC  0|TAMS 0x0000000741300000, 0x0000000741300000|
|  20|0x0000000741400000, 0x0000000741400000, 0x0000000741500000|  0%| F|  |TS  0|AC  0|TAMS 0x0000000741400000, 0x0000000741400000|
|  21|0x0000000741500000, 0x0000000741500000, 0x0000000741600000|  0%| F|  |TS  0|AC  0|TAMS 0x0000000741500000, 0x0000000741500000|
|  22|0x0000000741600000, 0x0000000741600000, 0x0000000741700000|  0%| F|  |TS  0|AC  0|TAMS 0x0000000741600000, 0x0000000741600000|
|  23|0x0000000741700000, 0x0000000741700000, 0x0000000741800000|  0%| F|  |TS  0|AC  0|TAMS 0x0000000741700000, 0x0000000741700000|
|  24|0x0000000741800000, 0x0000000741800000, 0x0000000741900000|  0%| F|  |TS  0|AC  0|TAMS 0x0000000741800000, 0x0000000741800000|
|  25|0x0000000741900000, 0x0000000741900000, 0x0000000741a00000|  0%| F|  |TS  0|AC  0|TAMS 0x0000000741900000, 0x0000000741900000|
|  26|0x0000000741a00000, 0x0000000741a00000, 0x0000000741b00000|  0%| F|  |TS  0|AC  0|TAMS 0x0000000741a00000, 0x0000000741a00000|
|  27|0x0000000741b00000, 0x0000000741b00000, 0x0000000741c00000|  0%| F|  |TS  0|AC  0|TAMS 0x0000000741b00000, 0x0000000741b00000|
|  28|0x0000000741c00000, 0x0000000741c00000, 0x0000000741d00000|  0%| F|  |TS  0|AC  0|TAMS 0x0000000741c00000, 0x0000000741c00000|
|  29|0x0000000741d00000, 0x0000000741d00000, 0x0000000741e00000|  0%| F|  |TS  0|AC  0|TAMS 0x0000000741d00000, 0x0000000741d00000|
|  30|0x0000000741e00000, 0x0000000741e00000, 0x0000000741f00000|  0%| F|  |TS  0|AC  0|TAMS 0x0000000741e00000, 0x0000000741e00000|
|  31|0x0000000741f00000, 0x0000000741f00000, 0x0000000742000000|  0%| F|  |TS  0|AC  0|TAMS 0x0000000741f00000, 0x0000000741f00000|
|  32|0x0000000742000000, 0x0000000742000000, 0x0000000742100000|  0%| F|  |TS  0|AC  0|TAMS 0x0000000742000000, 0x0000000742000000|
|  33|0x0000000742100000, 0x0000000742100000, 0x0000000742200000|  0%| F|  |TS  0|AC  0|TAMS 0x0000000742100000, 0x0000000742100000|
|  34|0x0000000742200000, 0x0000000742200000, 0x0000000742300000|  0%| F|  |TS  0|AC  0|TAMS 0x0000000742200000, 0x0000000742200000|
|  35|0x0000000742300000, 0x0000000742300000, 0x0000000742400000|  0%| F|  |TS  0|AC  0|TAMS 0x0000000742300000, 0x0000000742300000|
|  36|0x0000000742400000, 0x0000000742400000, 0x0000000742500000|  0%| F|  |TS  0|AC  0|TAMS 0x0000000742400000, 0x0000000742400000|
|  37|0x0000000742500000, 0x0000000742500000, 0x0000000742600000|  0%| F|  |TS  0|AC  0|TAMS 0x0000000742500000, 0x0000000742500000|
|  38|0x0000000742600000, 0x0000000742600000, 0x0000000742700000|  0%| F|  |TS  0|AC  0|TAMS 0x0000000742600000, 0x0000000742600000|
|  39|0x0000000742700000, 0x0000000742700000, 0x0000000742800000|  0%| F|  |TS  0|AC  0|TAMS 0x0000000742700000, 0x0000000742700000|
|  40|0x0000000742800000, 0x0000000742800000, 0x0000000742900000|  0%| F|  |TS  0|AC  0|TAMS 0x0000000742800000, 0x0000000742800000|
|  41|0x0000000742900000, 0x0000000742900000, 0x0000000742a00000|  0%| F|  |TS  0|AC  0|TAMS 0x0000000742900000, 0x0000000742900000|
|  42|0x0000000742a00000, 0x0000000742a00000, 0x0000000742b00000|  0%| F|  |TS  0|AC  0|TAMS 0x0000000742a00000, 0x0000000742a00000|
|  43|0x0000000742b00000, 0x0000000742b00000, 0x0000000742c00000|  0%| F|  |TS  0|AC  0|TAMS 0x0000000742b00000, 0x0000000742b00000|
|  44|0x0000000742c00000, 0x0000000742c00000, 0x0000000742d00000|  0%| F|  |TS  0|AC  0|TAMS 0x0000000742c00000, 0x0000000742c00000|
|  45|0x0000000742d00000, 0x0000000742d00000, 0x0000000742e00000|  0%| F|  |TS  2|AC  0|TAMS 0x0000000742d00000, 0x0000000742d00000|
|  46|0x0000000742e00000, 0x0000000742e00000, 0x0000000742f00000|  0%| F|  |TS  2|AC  0|TAMS 0x0000000742e00000, 0x0000000742e00000|
|  47|0x0000000742f00000, 0x0000000742f00000, 0x0000000743000000|  0%| F|  |TS  2|AC  0|TAMS 0x0000000742f00000, 0x0000000742f00000|
|  48|0x0000000743000000, 0x0000000743000000, 0x0000000743100000|  0%| F|  |TS  2|AC  0|TAMS 0x0000000743000000, 0x0000000743000000|
|  49|0x0000000743100000, 0x0000000743100000, 0x0000000743200000|  0%| F|  |TS  2|AC  0|TAMS 0x0000000743100000, 0x0000000743100000|
|  50|0x0000000743200000, 0x0000000743200000, 0x0000000743300000|  0%| F|  |TS  2|AC  0|TAMS 0x0000000743200000, 0x0000000743200000|
|  51|0x0000000743300000, 0x0000000743300000, 0x0000000743400000|  0%| F|  |TS  2|AC  0|TAMS 0x0000000743300000, 0x0000000743300000|
|  52|0x0000000743400000, 0x0000000743400000, 0x0000000743500000|  0%| F|  |TS  2|AC  0|TAMS 0x0000000743400000, 0x0000000743400000|
|  53|0x0000000743500000, 0x0000000743500000, 0x0000000743600000|  0%| F|  |TS  2|AC  0|TAMS 0x0000000743500000, 0x0000000743500000|
|  54|0x0000000743600000, 0x0000000743600000, 0x0000000743700000|  0%| F|  |TS  2|AC  0|TAMS 0x0000000743600000, 0x0000000743600000|
|  55|0x0000000743700000, 0x0000000743700000, 0x0000000743800000|  0%| F|  |TS  1|AC  0|TAMS 0x0000000743700000, 0x0000000743700000|
|  56|0x0000000743800000, 0x0000000743800000, 0x0000000743900000|  0%| F|  |TS  1|AC  0|TAMS 0x0000000743800000, 0x0000000743800000|
|  57|0x0000000743900000, 0x0000000743900000, 0x0000000743a00000|  0%| F|  |TS  1|AC  0|TAMS 0x0000000743900000, 0x0000000743900000|
|  58|0x0000000743a00000, 0x0000000743a00000, 0x0000000743b00000|  0%| F|  |TS  1|AC  0|TAMS 0x0000000743a00000, 0x0000000743a00000|
|  59|0x0000000743b00000, 0x0000000743b00000, 0x0000000743c00000|  0%| F|  |TS  1|AC  0|TAMS 0x0000000743b00000, 0x0000000743b00000|
|  60|0x0000000743c00000, 0x0000000743c00000, 0x0000000743d00000|  0%| F|  |TS  1|AC  0|TAMS 0x0000000743c00000, 0x0000000743c00000|
|  61|0x0000000743d00000, 0x0000000743d00000, 0x0000000743e00000|  0%| F|  |TS  1|AC  0|TAMS 0x0000000743d00000, 0x0000000743d00000|
|  62|0x0000000743e00000, 0x0000000743e00000, 0x0000000743f00000|  0%| F|  |TS  1|AC  0|TAMS 0x0000000743e00000, 0x0000000743e00000|
|  63|0x0000000743f00000, 0x0000000743f00000, 0x0000000744000000|  0%| F|  |TS  1|AC  0|TAMS 0x0000000743f00000, 0x0000000743f00000|
|  64|0x0000000744000000, 0x0000000744000000, 0x0000000744100000|  0%| F|  |TS  1|AC  0|TAMS 0x0000000744000000, 0x0000000744000000|
|  65|0x0000000744100000, 0x0000000744100000, 0x0000000744200000|  0%| F|  |TS  1|AC  0|TAMS 0x0000000744100000, 0x0000000744100000|
|  66|0x0000000744200000, 0x0000000744200000, 0x0000000744300000|  0%| F|  |TS  1|AC  0|TAMS 0x0000000744200000, 0x0000000744200000|
|  67|0x0000000744300000, 0x0000000744300000, 0x0000000744400000|  0%| F|  |TS  1|AC  0|TAMS 0x0000000744300000, 0x0000000744300000|
|  68|0x0000000744400000, 0x0000000744400000, 0x0000000744500000|  0%| F|  |TS  1|AC  0|TAMS 0x0000000744400000, 0x0000000744400000|
|  69|0x0000000744500000, 0x0000000744500000, 0x0000000744600000|  0%| F|  |TS  1|AC  0|TAMS 0x0000000744500000, 0x0000000744500000|
|  70|0x0000000744600000, 0x0000000744600000, 0x0000000744700000|  0%| F|  |TS  1|AC  0|TAMS 0x0000000744600000, 0x0000000744600000|
|  71|0x0000000744700000, 0x0000000744700000, 0x0000000744800000|  0%| F|  |TS  1|AC  0|TAMS 0x0000000744700000, 0x0000000744700000|
|  72|0x0000000744800000, 0x0000000744800000, 0x0000000744900000|  0%| F|  |TS  1|AC  0|TAMS 0x0000000744800000, 0x0000000744800000|
|  73|0x0000000744900000, 0x0000000744900000, 0x0000000744a00000|  0%| F|  |TS  1|AC  0|TAMS 0x0000000744900000, 0x0000000744900000|
|  74|0x0000000744a00000, 0x0000000744a00000, 0x0000000744b00000|  0%| F|  |TS  1|AC  0|TAMS 0x0000000744a00000, 0x0000000744a00000|
|  75|0x0000000744b00000, 0x0000000744b00000, 0x0000000744c00000|  0%| F|  |TS  1|AC  0|TAMS 0x0000000744b00000, 0x0000000744b00000|
|  76|0x0000000744c00000, 0x0000000744c00000, 0x0000000744d00000|  0%| F|  |TS  1|AC  0|TAMS 0x0000000744c00000, 0x0000000744c00000|
|  77|0x0000000744d00000, 0x0000000744d00000, 0x0000000744e00000|  0%| F|  |TS  1|AC  0|TAMS 0x0000000744d00000, 0x0000000744d00000|
|  78|0x0000000744e00000, 0x0000000744e00000, 0x0000000744f00000|  0%| F|  |TS  1|AC  0|TAMS 0x0000000744e00000, 0x0000000744e00000|
|  79|0x0000000744f00000, 0x0000000744f00000, 0x0000000745000000|  0%| F|  |TS  1|AC  0|TAMS 0x0000000744f00000, 0x0000000744f00000|
|  80|0x0000000745000000, 0x0000000745000000, 0x0000000745100000|  0%| F|  |TS  1|AC  0|TAMS 0x0000000745000000, 0x0000000745000000|
|  81|0x0000000745100000, 0x0000000745100000, 0x0000000745200000|  0%| F|  |TS  1|AC  0|TAMS 0x0000000745100000, 0x0000000745100000|
|  82|0x0000000745200000, 0x0000000745200000, 0x0000000745300000|  0%| F|  |TS  1|AC  0|TAMS 0x0000000745200000, 0x0000000745200000|
|  83|0x0000000745300000, 0x0000000745300000, 0x0000000745400000|  0%| F|  |TS  1|AC  0|TAMS 0x0000000745300000, 0x0000000745300000|
|  84|0x0000000745400000, 0x0000000745400000, 0x0000000745500000|  0%| F|  |TS  1|AC  0|TAMS 0x0000000745400000, 0x0000000745400000|
|  85|0x0000000745500000, 0x0000000745500000, 0x0000000745600000|  0%| F|  |TS  1|AC  0|TAMS 0x0000000745500000, 0x0000000745500000|
|  86|0x0000000745600000, 0x0000000745600000, 0x0000000745700000|  0%| F|  |TS  1|AC  0|TAMS 0x0000000745600000, 0x0000000745600000|
|  87|0x0000000745700000, 0x0000000745700000, 0x0000000745800000|  0%| F|  |TS  1|AC  0|TAMS 0x0000000745700000, 0x0000000745700000|
|  88|0x0000000745800000, 0x0000000745800000, 0x0000000745900000|  0%| F|  |TS  1|AC  0|TAMS 0x0000000745800000, 0x0000000745800000|
|  89|0x0000000745900000, 0x0000000745900000, 0x0000000745a00000|  0%| F|  |TS  1|AC  0|TAMS 0x0000000745900000, 0x0000000745900000|
|  90|0x0000000745a00000, 0x0000000745a00000, 0x0000000745b00000|  0%| F|  |TS  1|AC  0|TAMS 0x0000000745a00000, 0x0000000745a00000|
|  91|0x0000000745b00000, 0x0000000745b00000, 0x0000000745c00000|  0%| F|  |TS  1|AC  0|TAMS 0x0000000745b00000, 0x0000000745b00000|
|  92|0x0000000745c00000, 0x0000000745c00000, 0x0000000745d00000|  0%| F|  |TS  1|AC  0|TAMS 0x0000000745c00000, 0x0000000745c00000|
|  93|0x0000000745d00000, 0x0000000745d00000, 0x0000000745e00000|  0%| F|  |TS  1|AC  0|TAMS 0x0000000745d00000, 0x0000000745d00000|
|  94|0x0000000745e00000, 0x0000000745e00000, 0x0000000745f00000|  0%| F|  |TS  1|AC  0|TAMS 0x0000000745e00000, 0x0000000745e00000|
|  95|0x0000000745f00000, 0x0000000745f00000, 0x0000000746000000|  0%| F|  |TS  1|AC  0|TAMS 0x0000000745f00000, 0x0000000745f00000|
|  96|0x0000000746000000, 0x0000000746000000, 0x0000000746100000|  0%| F|  |TS  1|AC  0|TAMS 0x0000000746000000, 0x0000000746000000|
|  97|0x0000000746100000, 0x0000000746100000, 0x0000000746200000|  0%| F|  |TS  1|AC  0|TAMS 0x0000000746100000, 0x0000000746100000|
|  98|0x0000000746200000, 0x0000000746200000, 0x0000000746300000|  0%| F|  |TS  1|AC  0|TAMS 0x0000000746200000, 0x0000000746200000|
|  99|0x0000000746300000, 0x0000000746300000, 0x0000000746400000|  0%| F|  |TS  1|AC  0|TAMS 0x0000000746300000, 0x0000000746300000|
| 100|0x0000000746400000, 0x0000000746400000, 0x0000000746500000|  0%| F|  |TS  1|AC  0|TAMS 0x0000000746400000, 0x0000000746400000|
| 101|0x0000000746500000, 0x0000000746500000, 0x0000000746600000|  0%| F|  |TS  1|AC  0|TAMS 0x0000000746500000, 0x0000000746500000|
| 102|0x0000000746600000, 0x0000000746600000, 0x0000000746700000|  0%| F|  |TS  1|AC  0|TAMS 0x0000000746600000, 0x0000000746600000|
| 103|0x0000000746700000, 0x0000000746700000, 0x0000000746800000|  0%| F|  |TS  1|AC  0|TAMS 0x0000000746700000, 0x0000000746700000|
| 104|0x0000000746800000, 0x0000000746800000, 0x0000000746900000|  0%| F|  |TS  1|AC  0|TAMS 0x0000000746800000, 0x0000000746800000|
| 105|0x0000000746900000, 0x0000000746900000, 0x0000000746a00000|  0%| F|  |TS  1|AC  0|TAMS 0x0000000746900000, 0x0000000746900000|
| 106|0x0000000746a00000, 0x0000000746a00000, 0x0000000746b00000|  0%| F|  |TS  1|AC  0|TAMS 0x0000000746a00000, 0x0000000746a00000|
| 107|0x0000000746b00000, 0x0000000746b00000, 0x0000000746c00000|  0%| F|  |TS  1|AC  0|TAMS 0x0000000746b00000, 0x0000000746b00000|
| 108|0x0000000746c00000, 0x0000000746c00000, 0x0000000746d00000|  0%| F|  |TS  1|AC  0|TAMS 0x0000000746c00000, 0x0000000746c00000|
| 109|0x0000000746d00000, 0x0000000746d00000, 0x0000000746e00000|  0%| F|  |TS  1|AC  0|TAMS 0x0000000746d00000, 0x0000000746d00000|
| 110|0x0000000746e00000, 0x0000000746e00000, 0x0000000746f00000|  0%| F|  |TS  1|AC  0|TAMS 0x0000000746e00000, 0x0000000746e00000|
| 111|0x0000000746f00000, 0x0000000746f00000, 0x0000000747000000|  0%| F|  |TS  1|AC  0|TAMS 0x0000000746f00000, 0x0000000746f00000|
| 112|0x0000000747000000, 0x0000000747000000, 0x0000000747100000|  0%| F|  |TS  1|AC  0|TAMS 0x0000000747000000, 0x0000000747000000|
| 113|0x0000000747100000, 0x0000000747100000, 0x0000000747200000|  0%| F|  |TS  1|AC  0|TAMS 0x0000000747100000, 0x0000000747100000|
| 114|0x0000000747200000, 0x0000000747200000, 0x0000000747300000|  0%| F|  |TS  1|AC  0|TAMS 0x0000000747200000, 0x0000000747200000|
| 115|0x0000000747300000, 0x0000000747300000, 0x0000000747400000|  0%| F|  |TS  1|AC  0|TAMS 0x0000000747300000, 0x0000000747300000|
| 116|0x0000000747400000, 0x0000000747400000, 0x0000000747500000|  0%| F|  |TS  1|AC  0|TAMS 0x0000000747400000, 0x0000000747400000|
| 117|0x0000000747500000, 0x0000000747500000, 0x0000000747600000|  0%| F|  |TS  1|AC  0|TAMS 0x0000000747500000, 0x0000000747500000|
| 118|0x0000000747600000, 0x0000000747600000, 0x0000000747700000|  0%| F|  |TS  1|AC  0|TAMS 0x0000000747600000, 0x0000000747600000|
| 119|0x0000000747700000, 0x0000000747700000, 0x0000000747800000|  0%| F|  |TS  1|AC  0|TAMS 0x0000000747700000, 0x0000000747700000|
| 120|0x0000000747800000, 0x0000000747800000, 0x0000000747900000|  0%| F|  |TS  1|AC  0|TAMS 0x0000000747800000, 0x0000000747800000|
| 121|0x0000000747900000, 0x0000000747900000, 0x0000000747a00000|  0%| F|  |TS  1|AC  0|TAMS 0x0000000747900000, 0x0000000747900000|
| 122|0x0000000747a00000, 0x0000000747a00000, 0x0000000747b00000|  0%| F|  |TS  1|AC  0|TAMS 0x0000000747a00000, 0x0000000747a00000|
| 123|0x0000000747b00000, 0x0000000747b00000, 0x0000000747c00000|  0%| F|  |TS  1|AC  0|TAMS 0x0000000747b00000, 0x0000000747b00000|
| 124|0x0000000747c00000, 0x0000000747c00000, 0x0000000747d00000|  0%| F|  |TS  1|AC  0|TAMS 0x0000000747c00000, 0x0000000747c00000|
| 125|0x0000000747d00000, 0x0000000747d00000, 0x0000000747e00000|  0%| F|  |TS  1|AC  0|TAMS 0x0000000747d00000, 0x0000000747d00000|
| 126|0x0000000747e00000, 0x0000000747e00000, 0x0000000747f00000|  0%| F|  |TS  1|AC  0|TAMS 0x0000000747e00000, 0x0000000747e00000|
| 127|0x0000000747f00000, 0x0000000747f00000, 0x0000000748000000|  0%| F|  |TS  1|AC  0|TAMS 0x0000000747f00000, 0x0000000747f00000|
| 128|0x0000000748000000, 0x0000000748000000, 0x0000000748100000|  0%| F|  |TS  1|AC  0|TAMS 0x0000000748000000, 0x0000000748000000|
| 129|0x0000000748100000, 0x0000000748100000, 0x0000000748200000|  0%| F|  |TS  1|AC  0|TAMS 0x0000000748100000, 0x0000000748100000|
| 130|0x0000000748200000, 0x0000000748200000, 0x0000000748300000|  0%| F|  |TS  1|AC  0|TAMS 0x0000000748200000, 0x0000000748200000|
| 131|0x0000000748300000, 0x0000000748300000, 0x0000000748400000|  0%| F|  |TS  1|AC  0|TAMS 0x0000000748300000, 0x0000000748300000|
| 132|0x0000000748400000, 0x0000000748400000, 0x0000000748500000|  0%| F|  |TS  1|AC  0|TAMS 0x0000000748400000, 0x0000000748400000|
| 133|0x0000000748500000, 0x0000000748500000, 0x0000000748600000|  0%| F|  |TS  1|AC  0|TAMS 0x0000000748500000, 0x0000000748500000|
| 134|0x0000000748600000, 0x0000000748600000, 0x0000000748700000|  0%| F|  |TS  1|AC  0|TAMS 0x0000000748600000, 0x0000000748600000|
| 135|0x0000000748700000, 0x0000000748700000, 0x0000000748800000|  0%| F|  |TS  1|AC  0|TAMS 0x0000000748700000, 0x0000000748700000|
| 136|0x0000000748800000, 0x0000000748800000, 0x0000000748900000|  0%| F|  |TS  1|AC  0|TAMS 0x0000000748800000, 0x0000000748800000|
| 137|0x0000000748900000, 0x0000000748a00000, 0x0000000748a00000|100%| S|CS|TS  2|AC  0|TAMS 0x0000000748900000, 0x0000000748900000|
| 138|0x0000000748a00000, 0x0000000748b00000, 0x0000000748b00000|100%| S|CS|TS  2|AC  0|TAMS 0x0000000748a00000, 0x0000000748a00000|
| 139|0x0000000748b00000, 0x0000000748b00000, 0x0000000748c00000|  0%| F|  |TS  2|AC  0|TAMS 0x0000000748b00000, 0x0000000748b00000|
| 140|0x0000000748c00000, 0x0000000748c00000, 0x0000000748d00000|  0%| F|  |TS  2|AC  0|TAMS 0x0000000748c00000, 0x0000000748c00000|
| 141|0x0000000748d00000, 0x0000000748d00000, 0x0000000748e00000|  0%| F|  |TS  2|AC  0|TAMS 0x0000000748d00000, 0x0000000748d00000|
| 142|0x0000000748e00000, 0x0000000748e00000, 0x0000000748f00000|  0%| F|  |TS  2|AC  0|TAMS 0x0000000748e00000, 0x0000000748e00000|
| 143|0x0000000748f00000, 0x0000000748f00000, 0x0000000749000000|  0%| F|  |TS  2|AC  0|TAMS 0x0000000748f00000, 0x0000000748f00000|
| 144|0x0000000749000000, 0x0000000749000000, 0x0000000749100000|  0%| F|  |TS  2|AC  0|TAMS 0x0000000749000000, 0x0000000749000000|
| 145|0x0000000749100000, 0x0000000749100000, 0x0000000749200000|  0%| F|  |TS  2|AC  0|TAMS 0x0000000749100000, 0x0000000749100000|
| 146|0x0000000749200000, 0x0000000749200000, 0x0000000749300000|  0%| F|  |TS  2|AC  0|TAMS 0x0000000749200000, 0x0000000749200000|
| 147|0x0000000749300000, 0x0000000749300000, 0x0000000749400000|  0%| F|  |TS  2|AC  0|TAMS 0x0000000749300000, 0x0000000749300000|
| 148|0x0000000749400000, 0x0000000749400000, 0x0000000749500000|  0%| F|  |TS  2|AC  0|TAMS 0x0000000749400000, 0x0000000749400000|
| 149|0x0000000749500000, 0x0000000749500000, 0x0000000749600000|  0%| F|  |TS  2|AC  0|TAMS 0x0000000749500000, 0x0000000749500000|
| 150|0x0000000749600000, 0x0000000749600000, 0x0000000749700000|  0%| F|  |TS  2|AC  0|TAMS 0x0000000749600000, 0x0000000749600000|
| 151|0x0000000749700000, 0x0000000749800000, 0x0000000749800000|100%| E|  |TS  2|AC  0|TAMS 0x0000000749700000, 0x0000000749700000|
| 152|0x0000000749800000, 0x0000000749900000, 0x0000000749900000|100%| E|CS|TS  2|AC  0|TAMS 0x0000000749800000, 0x0000000749800000|
| 153|0x0000000749900000, 0x0000000749a00000, 0x0000000749a00000|100%| E|CS|TS  2|AC  0|TAMS 0x0000000749900000, 0x0000000749900000|

Card table byte_map: [0x0000000124aa5000,0x0000000124ea5000] byte_map_base: 0x00000001210a5000

Marking Bits (Prev, Next): (CMBitMap*) 0x00007ff48902e460, (CMBitMap*) 0x00007ff48902e498
 Prev Bits: [0x00000001252a5000, 0x00000001272a5000)
 Next Bits: [0x00000001272a5000, 0x00000001292a5000)

Polling page: 0x0000000108554000

CodeHeap 'non-profiled nmethods': size=120032Kb used=2179Kb max_used=2179Kb free=117852Kb
 bounds [0x000000011d56d000, 0x000000011d7dd000, 0x0000000124aa5000]
CodeHeap 'profiled nmethods': size=120032Kb used=9106Kb max_used=9134Kb free=110926Kb
 bounds [0x0000000116035000, 0x0000000116935000, 0x000000011d56d000]
CodeHeap 'non-nmethods': size=5696Kb used=1174Kb max_used=1204Kb free=4521Kb
 bounds [0x0000000115aa5000, 0x0000000115d15000, 0x0000000116035000]
 total_blobs=6660 nmethods=4369 adapters=455
 compilation: enabled

Compilation events (10 events):
Event: 9838.984 Thread 0x00007ff48a006000 5024       3       java.io.ObjectInputStream::readLong (8 bytes)
Event: 9838.984 Thread 0x00007ff48a006000 nmethod 5024 0x0000000116758090 code [0x0000000116758240, 0x00000001167583e8]
Event: 10048.468 Thread 0x00007ff4890b5000 5025       4       java.util.HashMap$Values::iterator (12 bytes)
Event: 10048.493 Thread 0x00007ff4890b5000 nmethod 5025 0x000000011d789290 code [0x000000011d789440, 0x000000011d789718]
Event: 10088.476 Thread 0x00007ff48a004000 5026   !   4       java.util.concurrent.locks.AbstractQueuedSynchronizer::acquireQueued (74 bytes)
Event: 10088.550 Thread 0x00007ff48a004000 nmethod 5026 0x000000011d789910 code [0x000000011d789b00, 0x000000011d78a1f0]
Event: 10312.475 Thread 0x00007ff4890b5000 5027   !   4       java.net.URL::<init> (543 bytes)
Event: 10312.611 Thread 0x00007ff4890b5000 nmethod 5027 0x000000011d78a490 code [0x000000011d78a780, 0x000000011d78ca80]
Event: 10398.551 Thread 0x00007ff48a004000 5028       4       java.util.HashMap::values (25 bytes)
Event: 10398.552 Thread 0x00007ff48a004000 nmethod 5028 0x000000011d78dc10 code [0x000000011d78dda0, 0x000000011d78de18]

GC Heap History (10 events):
Event: 2.353 GC heap before
{Heap before GC invocations=3 (full 0):
 garbage-first heap   total 131072K, used 12438K [0x0000000740000000, 0x00000007c0000000)
  region size 1024K, 10 young (10240K), 3 survivors (3072K)
 Metaspace       used 20653K, capacity 21045K, committed 21248K, reserved 1069056K
  class space    used 2294K, capacity 2508K, committed 2560K, reserved 1048576K
}
Event: 2.358 GC heap after
{Heap after GC invocations=4 (full 0):
 garbage-first heap   total 131072K, used 6752K [0x0000000740000000, 0x00000007c0000000)
  region size 1024K, 3 young (3072K), 3 survivors (3072K)
 Metaspace       used 20653K, capacity 21045K, committed 21248K, reserved 1069056K
  class space    used 2294K, capacity 2508K, committed 2560K, reserved 1048576K
}
Event: 3.591 GC heap before
{Heap before GC invocations=5 (full 0):
 garbage-first heap   total 131072K, used 58976K [0x0000000740000000, 0x00000007c0000000)
  region size 1024K, 54 young (55296K), 3 survivors (3072K)
 Metaspace       used 28313K, capacity 28956K, committed 29312K, reserved 1075200K
  class space    used 3201K, capacity 3442K, committed 3456K, reserved 1048576K
}
Event: 3.601 GC heap after
{Heap after GC invocations=6 (full 0):
 garbage-first heap   total 131072K, used 8839K [0x0000000740000000, 0x00000007c0000000)
  region size 1024K, 5 young (5120K), 5 survivors (5120K)
 Metaspace       used 28313K, capacity 28956K, committed 29312K, reserved 1075200K
  class space    used 3201K, capacity 3442K, committed 3456K, reserved 1048576K
}
Event: 4.529 GC heap before
{Heap before GC invocations=6 (full 0):
 garbage-first heap   total 131072K, used 41607K [0x0000000740000000, 0x00000007c0000000)
  region size 1024K, 38 young (38912K), 5 survivors (5120K)
 Metaspace       used 34692K, capacity 35464K, committed 35840K, reserved 1081344K
  class space    used 3955K, capacity 4282K, committed 4352K, reserved 1048576K
}
Event: 4.545 GC heap after
{Heap after GC invocations=7 (full 0):
 garbage-first heap   total 131072K, used 11565K [0x0000000740000000, 0x00000007c0000000)
  region size 1024K, 8 young (8192K), 8 survivors (8192K)
 Metaspace       used 34692K, capacity 35464K, committed 35840K, reserved 1081344K
  class space    used 3955K, capacity 4282K, committed 4352K, reserved 1048576K
}
Event: 7159.147 GC heap before
{Heap before GC invocations=8 (full 0):
 garbage-first heap   total 131072K, used 78125K [0x0000000740000000, 0x00000007c0000000)
  region size 1024K, 73 young (74752K), 8 survivors (8192K)
 Metaspace       used 44751K, capacity 45650K, committed 46080K, reserved 1089536K
  class space    used 4941K, capacity 5300K, committed 5376K, reserved 1048576K
}
Event: 7159.833 GC heap after
{Heap after GC invocations=9 (full 0):
 garbage-first heap   total 157696K, used 16650K [0x0000000740000000, 0x00000007c0000000)
  region size 1024K, 10 young (10240K), 10 survivors (10240K)
 Metaspace       used 44751K, capacity 45650K, committed 46080K, reserved 1089536K
  class space    used 4941K, capacity 5300K, committed 5376K, reserved 1048576K
}
Event: 9621.637 GC heap before
{Heap before GC invocations=9 (full 0):
 garbage-first heap   total 157696K, used 32010K [0x0000000740000000, 0x00000007c0000000)
  region size 1024K, 25 young (25600K), 10 survivors (10240K)
 Metaspace       used 44994K, capacity 45913K, committed 46336K, reserved 1089536K
  class space    used 4947K, capacity 5301K, committed 5376K, reserved 1048576K
}
Event: 9621.923 GC heap after
{Heap after GC invocations=10 (full 0):
 garbage-first heap   total 157696K, used 16995K [0x0000000740000000, 0x00000007c0000000)
  region size 1024K, 2 young (2048K), 2 survivors (2048K)
 Metaspace       used 44994K, capacity 45913K, committed 46336K, reserved 1089536K
  class space    used 4947K, capacity 5301K, committed 5376K, reserved 1048576K
}

Deoptimization events (10 events):
Event: 73.242 Thread 0x00007ff48c338800 Uncommon trap: reason=class_check action=maybe_recompile pc=0x000000011d6f4ffc method=java.util.regex.Pattern$SliceI.match(Ljava/util/regex/Matcher;ILjava/lang/CharSequence;)Z @ 92 c2
Event: 73.406 Thread 0x00007ff48c338800 Uncommon trap: reason=unstable_if action=reinterpret pc=0x000000011d5bb51c method=java.lang.CharacterDataLatin1.isWhitespace(I)Z @ 14 c2
Event: 145.894 Thread 0x00007ff48bd2c800 Uncommon trap: reason=null_check action=make_not_entrant pc=0x000000011d684488 method=org.springframework.util.ClassUtils.isAssignable(Ljava/lang/Class;Ljava/lang/Class;)Z @ 14 c2
Event: 1590.832 Thread 0x00007ff48c8c2000 Uncommon trap: reason=unstable_if action=reinterpret pc=0x000000011d7109e4 method=java.net.URLStreamHandler.parseURL(Ljava/net/URL;Ljava/lang/String;II)V @ 57 c2
Event: 1839.133 Thread 0x00007ff48cd28800 Uncommon trap: reason=intrinsic_or_type_checked_inlining action=make_not_entrant pc=0x000000011d671870 method=java.util.Arrays.copyOf([Ljava/lang/Object;ILjava/lang/Class;)[Ljava/lang/Object; @ 35 c2
Event: 1875.391 Thread 0x00007ff489e1a000 Uncommon trap: reason=predicate action=maybe_recompile pc=0x000000011d7163c4 method=java.util.AbstractCollection.toArray([Ljava/lang/Object;)[Ljava/lang/Object; @ 46 c2
Event: 2045.452 Thread 0x00007ff489e1a000 Uncommon trap: reason=array_check action=maybe_recompile pc=0x000000011d717044 method=java.util.AbstractCollection.toArray([Ljava/lang/Object;)[Ljava/lang/Object; @ 116 c2
Event: 2045.452 Thread 0x00007ff489e1a000 Uncommon trap: reason=array_check action=maybe_recompile pc=0x000000011d717044 method=java.util.AbstractCollection.toArray([Ljava/lang/Object;)[Ljava/lang/Object; @ 116 c2
Event: 2045.453 Thread 0x00007ff489e1a000 Uncommon trap: reason=array_check action=maybe_recompile pc=0x000000011d717044 method=java.util.AbstractCollection.toArray([Ljava/lang/Object;)[Ljava/lang/Object; @ 116 c2
Event: 2055.456 Thread 0x00007ff489e1a000 Uncommon trap: reason=array_check action=maybe_recompile pc=0x000000011d717044 method=java.util.AbstractCollection.toArray([Ljava/lang/Object;)[Ljava/lang/Object; @ 116 c2

Classes redefined (0 events):
No events

Internal exceptions (10 events):
Event: 4.744 Thread 0x00007ff48a001000 Exception <a 'java/lang/NullPointerException'{0x0000000747c50f58}> (0x0000000747c50f58) thrown at [/scratch/mesos/slaves/9190d864-6621-4810-ba08-d8d8c75ba674-S34/frameworks/1735e8a2-a1db-478c-8104-60c8b0af87dd-0196/executors/f87b4890-2412-429e-bdfd-83788a
Event: 4.744 Thread 0x00007ff48a001000 Implicit null exception at 0x000000011661310d to 0x00000001166136c0
Event: 4.744 Thread 0x00007ff48a001000 Exception <a 'java/lang/NullPointerException'{0x0000000747c51d98}> (0x0000000747c51d98) thrown at [/scratch/mesos/slaves/9190d864-6621-4810-ba08-d8d8c75ba674-S34/frameworks/1735e8a2-a1db-478c-8104-60c8b0af87dd-0196/executors/f87b4890-2412-429e-bdfd-83788a
Event: 71.427 Thread 0x00007ff48a001000 Exception <a 'java/lang/NoSuchMethodError'{0x0000000747a92fe0}: method resolution failed> (0x0000000747a92fe0) thrown at [/scratch/mesos/slaves/9190d864-6621-4810-ba08-d8d8c75ba674-S34/frameworks/1735e8a2-a1db-478c-8104-60c8b0af87dd-0196/executors/f87b489
Event: 72.918 Thread 0x00007ff48c338800 Exception <a 'java/lang/NoSuchMethodError'{0x0000000746c58fc8}: java.lang.invoke.DirectMethodHandle$Holder.invokeStaticInit(Ljava/lang/Object;Ljava/lang/Object;Ljava/lang/Object;Ljava/lang/Object;)I> (0x0000000746c58fc8) thrown at [/scratch/mesos/slaves/9
Event: 73.374 Thread 0x00007ff48c338800 Exception <a 'java/lang/NoSuchMethodError'{0x0000000746753c20}: java.lang.invoke.DirectMethodHandle$Holder.invokeStaticInit(Ljava/lang/Object;Ljava/lang/Object;Ljava/lang/Object;Ljava/lang/Object;)Ljava/lang/Object;> (0x0000000746753c20) thrown at [/scrat
Event: 145.887 Thread 0x00007ff48bd2c800 Exception <a 'java/lang/ClassNotFoundException'{0x00000007456bacd0}: java/lang/ObjectCustomizer> (0x00000007456bacd0) thrown at [/scratch/mesos/slaves/9190d864-6621-4810-ba08-d8d8c75ba674-S34/frameworks/1735e8a2-a1db-478c-8104-60c8b0af87dd-0196/executors/
Event: 145.888 Thread 0x00007ff48bd2c800 Exception <a 'java/lang/ClassNotFoundException'{0x00000007456c4ff8}: org/springframework/jdbc/support/SQLErrorCodesCustomizer> (0x00000007456c4ff8) thrown at [/scratch/mesos/slaves/9190d864-6621-4810-ba08-d8d8c75ba674-S34/frameworks/1735e8a2-a1db-478c-810
Event: 145.894 Thread 0x00007ff48bd2c800 Implicit null exception at 0x000000011d684257 to 0x000000011d684472
Event: 8776.747 Thread 0x00007ff489df5800 Exception <a 'java/lang/ClassCastException'{0x000000074928a348}: java.base/java.lang.String cannot be cast to java.base/java.lang.Integer> (0x000000074928a348) thrown at [/scratch/mesos/slaves/9190d864-6621-4810-ba08-d8d8c75ba674-S34/frameworks/1735e8a2-a

Events (10 events):
Event: 9838.942 Executing VM operation: RevokeBias done
Event: 9838.979 Thread 0x00007ff48c858000 Thread exited: 0x00007ff48c858000
Event: 10048.528 Thread 0x00007ff48a006800 flushing nmethod 0x0000000116521190
Event: 10088.558 Thread 0x00007ff48a006800 flushing nmethod 0x0000000116791b10
Event: 10312.620 Thread 0x00007ff48a006800 flushing nmethod 0x00000001160be490
Event: 10312.625 Thread 0x00007ff48a006800 flushing nmethod 0x000000011621d710
Event: 10312.640 Thread 0x00007ff48a006800 flushing nmethod 0x0000000116793890
Event: 10398.558 Thread 0x00007ff48a006800 flushing nmethod 0x000000011668b010
Event: 10678.130 Thread 0x00007ff48c858000 Thread added: 0x00007ff48c858000
Event: 10678.132 Thread 0x00007ff48b831800 Thread added: 0x00007ff48b831800


Dynamic libraries:
0x00007fff35e49000 	/System/Library/Frameworks/Cocoa.framework/Versions/A/Cocoa
0x00007fff41bed000 	/System/Library/Frameworks/Security.framework/Versions/A/Security
0x00007fff34adc000 	/System/Library/Frameworks/ApplicationServices.framework/Versions/A/ApplicationServices
0x00007fff61cdc000 	/usr/lib/libz.1.dylib
0x00007fff5f636000 	/usr/lib/libSystem.B.dylib
0x00007fff366be000 	/System/Library/Frameworks/CoreFoundation.framework/Versions/A/CoreFoundation
0x00007fff38940000 	/System/Library/Frameworks/Foundation.framework/Versions/C/Foundation
0x00007fff60e6d000 	/usr/lib/libobjc.A.dylib
0x00007fff33cd5000 	/System/Library/Frameworks/AppKit.framework/Versions/C/AppKit
0x00007fff36247000 	/System/Library/Frameworks/CoreData.framework/Versions/A/CoreData
0x00007fff590fc000 	/System/Library/PrivateFrameworks/RemoteViewServices.framework/Versions/A/RemoteViewServices
0x00007fff5d373000 	/System/Library/PrivateFrameworks/UIFoundation.framework/Versions/A/UIFoundation
0x00007fff5ea57000 	/System/Library/PrivateFrameworks/XCTTargetBootstrap.framework/Versions/A/XCTTargetBootstrap
0x00007fff365cd000 	/System/Library/Frameworks/CoreDisplay.framework/Versions/A/CoreDisplay
0x00007fff53e32000 	/System/Library/PrivateFrameworks/IconServices.framework/Versions/A/IconServices
0x00007fff3b261000 	/System/Library/Frameworks/Metal.framework/Versions/A/Metal
0x00007fff4b377000 	/System/Library/PrivateFrameworks/DesktopServicesPriv.framework/Versions/A/DesktopServicesPriv
0x00007fff601d0000 	/usr/lib/libenergytrace.dylib
0x00007fff5b85a000 	/System/Library/PrivateFrameworks/SkyLight.framework/Versions/A/SkyLight
0x00007fff36b04000 	/System/Library/Frameworks/CoreGraphics.framework/Versions/A/CoreGraphics
0x00007fff32aa1000 	/System/Library/Frameworks/Accelerate.framework/Versions/A/Accelerate
0x00007fff39089000 	/System/Library/Frameworks/IOSurface.framework/Versions/A/IOSurface
0x00007fff4b1e3000 	/System/Library/PrivateFrameworks/DFRFoundation.framework/Versions/A/DFRFoundation
0x00007fff34fbf000 	/System/Library/Frameworks/AudioToolbox.framework/Versions/A/AudioToolbox
0x00007fff35238000 	/System/Library/Frameworks/AudioUnit.framework/Versions/A/AudioUnit
0x00007fff4b278000 	/System/Library/PrivateFrameworks/DataDetectorsCore.framework/Versions/A/DataDetectorsCore
0x00007fff3594c000 	/System/Library/Frameworks/Carbon.framework/Versions/A/Frameworks/HIToolbox.framework/Versions/A/HIToolbox
0x00007fff60329000 	/usr/lib/libicucore.A.dylib
0x00007fff41160000 	/System/Library/Frameworks/QuartzCore.framework/Versions/A/QuartzCore
0x00007fff35d21000 	/System/Library/Frameworks/Carbon.framework/Versions/A/Frameworks/SpeechRecognition.framework/Versions/A/SpeechRecognition
0x00007fff5f78a000 	/usr/lib/libauto.dylib
0x00007fff61bd0000 	/usr/lib/libxml2.2.dylib
0x00007fff4adbe000 	/System/Library/PrivateFrameworks/CoreUI.framework/Versions/A/CoreUI
0x00007fff36132000 	/System/Library/Frameworks/CoreAudio.framework/Versions/A/CoreAudio
0x00007fff38775000 	/System/Library/Frameworks/DiskArbitration.framework/Versions/A/DiskArbitration
0x00007fff605d7000 	/usr/lib/liblangid.dylib
0x00007fff5523d000 	/System/Library/PrivateFrameworks/MultitouchSupport.framework/Versions/A/MultitouchSupport
0x00007fff38ff8000 	/System/Library/Frameworks/IOKit.framework/Versions/A/IOKit
0x00007fff5f1f6000 	/usr/lib/libDiagnosticMessagesClient.dylib
0x00007fff37913000 	/System/Library/Frameworks/CoreServices.framework/Versions/A/CoreServices
0x00007fff56ef7000 	/System/Library/PrivateFrameworks/PerformanceAnalysis.framework/Versions/A/PerformanceAnalysis
0x00007fff4034e000 	/System/Library/Frameworks/OpenGL.framework/Versions/A/OpenGL
0x00007fff35e57000 	/System/Library/Frameworks/ColorSync.framework/Versions/A/ColorSync
0x00007fff37195000 	/System/Library/Frameworks/CoreImage.framework/Versions/A/CoreImage
0x00007fff382eb000 	/System/Library/Frameworks/CoreText.framework/Versions/A/CoreText
0x00007fff390ec000 	/System/Library/Frameworks/ImageIO.framework/Versions/A/ImageIO
0x00007fff47410000 	/System/Library/PrivateFrameworks/Backup.framework/Versions/A/Backup
0x00007fff5f6dd000 	/usr/lib/libarchive.2.dylib
0x00007fff35591000 	/System/Library/Frameworks/CFNetwork.framework/Versions/A/CFNetwork
0x00007fff42349000 	/System/Library/Frameworks/SystemConfiguration.framework/Versions/A/SystemConfiguration
0x00007fff5f127000 	/usr/lib/libCRFSuite.dylib
0x00007fff5f879000 	/usr/lib/libc++.1.dylib
0x00007fff5f8cd000 	/usr/lib/libc++abi.dylib
0x00007fff624d2000 	/usr/lib/system/libcache.dylib
0x00007fff624d7000 	/usr/lib/system/libcommonCrypto.dylib
0x00007fff624e2000 	/usr/lib/system/libcompiler_rt.dylib
0x00007fff624ea000 	/usr/lib/system/libcopyfile.dylib
0x00007fff624f4000 	/usr/lib/system/libcorecrypto.dylib
0x00007fff625ff000 	/usr/lib/system/libdispatch.dylib
0x00007fff62639000 	/usr/lib/system/libdyld.dylib
0x00007fff62666000 	/usr/lib/system/libkeymgr.dylib
0x00007fff62674000 	/usr/lib/system/liblaunch.dylib
0x00007fff62675000 	/usr/lib/system/libmacho.dylib
0x00007fff6267b000 	/usr/lib/system/libquarantine.dylib
0x00007fff6267e000 	/usr/lib/system/libremovefile.dylib
0x00007fff62680000 	/usr/lib/system/libsystem_asl.dylib
0x00007fff62698000 	/usr/lib/system/libsystem_blocks.dylib
0x00007fff62699000 	/usr/lib/system/libsystem_c.dylib
0x00007fff62721000 	/usr/lib/system/libsystem_configuration.dylib
0x00007fff62725000 	/usr/lib/system/libsystem_coreservices.dylib
0x00007fff62729000 	/usr/lib/system/libsystem_darwin.dylib
0x00007fff62730000 	/usr/lib/system/libsystem_dnssd.dylib
0x00007fff62737000 	/usr/lib/system/libsystem_info.dylib
0x00007fff627ac000 	/usr/lib/system/libsystem_m.dylib
0x00007fff627f8000 	/usr/lib/system/libsystem_malloc.dylib
0x00007fff62823000 	/usr/lib/system/libsystem_networkextension.dylib
0x00007fff6282e000 	/usr/lib/system/libsystem_notify.dylib
0x00007fff6284b000 	/usr/lib/system/libsystem_sandbox.dylib
0x00007fff6284f000 	/usr/lib/system/libsystem_secinit.dylib
0x00007fff62783000 	/usr/lib/system/libsystem_kernel.dylib
0x00007fff62836000 	/usr/lib/system/libsystem_platform.dylib
0x00007fff62840000 	/usr/lib/system/libsystem_pthread.dylib
0x00007fff62852000 	/usr/lib/system/libsystem_symptoms.dylib
0x00007fff6285a000 	/usr/lib/system/libsystem_trace.dylib
0x00007fff62871000 	/usr/lib/system/libunwind.dylib
0x00007fff62877000 	/usr/lib/system/libxpc.dylib
0x00007fff5f85a000 	/usr/lib/libbsm.0.dylib
0x00007fff62667000 	/usr/lib/system/libkxld.dylib
0x00007fff46801000 	/System/Library/PrivateFrameworks/AppleFSCompression.framework/Versions/A/AppleFSCompression
0x00007fff5f4f6000 	/usr/lib/libOpenScriptingUtil.dylib
0x00007fff5fb82000 	/usr/lib/libcoretls.dylib
0x00007fff5fb99000 	/usr/lib/libcoretls_cfhelpers.dylib
0x00007fff61604000 	/usr/lib/libpam.2.dylib
0x00007fff617c4000 	/usr/lib/libsqlite3.dylib
0x00007fff61bbe000 	/usr/lib/libxar.1.dylib
0x00007fff5f86b000 	/usr/lib/libbz2.1.0.dylib
0x00007fff605d9000 	/usr/lib/liblzma.5.dylib
0x00007fff60a8a000 	/usr/lib/libnetwork.dylib
0x00007fff5f6c6000 	/usr/lib/libapple_nghttp2.dylib
0x00007fff6160b000 	/usr/lib/libpcap.A.dylib
0x00007fff37cb2000 	/System/Library/Frameworks/CoreServices.framework/Versions/A/Frameworks/FSEvents.framework/Versions/A/FSEvents
0x00007fff37991000 	/System/Library/Frameworks/CoreServices.framework/Versions/A/Frameworks/CarbonCore.framework/Versions/A/CarbonCore
0x00007fff37e6d000 	/System/Library/Frameworks/CoreServices.framework/Versions/A/Frameworks/Metadata.framework/Versions/A/Metadata
0x00007fff37f0c000 	/System/Library/Frameworks/CoreServices.framework/Versions/A/Frameworks/OSServices.framework/Versions/A/OSServices
0x00007fff37f57000 	/System/Library/Frameworks/CoreServices.framework/Versions/A/Frameworks/SearchKit.framework/Versions/A/SearchKit
0x00007fff37914000 	/System/Library/Frameworks/CoreServices.framework/Versions/A/Frameworks/AE.framework/Versions/A/AE
0x00007fff37cbb000 	/System/Library/Frameworks/CoreServices.framework/Versions/A/Frameworks/LaunchServices.framework/Versions/A/LaunchServices
0x00007fff37c69000 	/System/Library/Frameworks/CoreServices.framework/Versions/A/Frameworks/DictionaryServices.framework/Versions/A/DictionaryServices
0x00007fff37fbf000 	/System/Library/Frameworks/CoreServices.framework/Versions/A/Frameworks/SharedFileList.framework/Versions/A/SharedFileList
0x00007fff3c329000 	/System/Library/Frameworks/NetFS.framework/Versions/A/NetFS
0x00007fff554a3000 	/System/Library/PrivateFrameworks/NetAuth.framework/Versions/A/NetAuth
0x00007fff5ee5b000 	/System/Library/PrivateFrameworks/login.framework/Versions/A/Frameworks/loginsupport.framework/Versions/A/loginsupport
0x00007fff5cf7c000 	/System/Library/PrivateFrameworks/TCC.framework/Versions/A/TCC
0x00007fff4a41b000 	/System/Library/PrivateFrameworks/CoreNLP.framework/Versions/A/CoreNLP
0x00007fff54f38000 	/System/Library/PrivateFrameworks/MetadataUtilities.framework/Versions/A/MetadataUtilities
0x00007fff606ae000 	/usr/lib/libmecabra.dylib
0x00007fff34add000 	/System/Library/Frameworks/ApplicationServices.framework/Versions/A/Frameworks/ATS.framework/Versions/A/ATS
0x00007fff34e2c000 	/System/Library/Frameworks/ApplicationServices.framework/Versions/A/Frameworks/ColorSyncLegacy.framework/Versions/A/ColorSyncLegacy
0x00007fff34ecb000 	/System/Library/Frameworks/ApplicationServices.framework/Versions/A/Frameworks/HIServices.framework/Versions/A/HIServices
0x00007fff34f1e000 	/System/Library/Frameworks/ApplicationServices.framework/Versions/A/Frameworks/LangAnalysis.framework/Versions/A/LangAnalysis
0x00007fff34f2e000 	/System/Library/Frameworks/ApplicationServices.framework/Versions/A/Frameworks/PrintCore.framework/Versions/A/PrintCore
0x00007fff34f78000 	/System/Library/Frameworks/ApplicationServices.framework/Versions/A/Frameworks/QD.framework/Versions/A/QD
0x00007fff34fb2000 	/System/Library/Frameworks/ApplicationServices.framework/Versions/A/Frameworks/SpeechSynthesis.framework/Versions/A/SpeechSynthesis
0x00007fff5f8f5000 	/usr/lib/libcompression.dylib
0x00007fff3b531000 	/System/Library/Frameworks/MetalPerformanceShaders.framework/Versions/A/MetalPerformanceShaders
0x00007fff32ab9000 	/System/Library/Frameworks/Accelerate.framework/Versions/A/Frameworks/vImage.framework/Versions/A/vImage
0x00007fff33b33000 	/System/Library/Frameworks/Accelerate.framework/Versions/A/Frameworks/vecLib.framework/Versions/A/vecLib
0x00007fff33a7f000 	/System/Library/Frameworks/Accelerate.framework/Versions/A/Frameworks/vecLib.framework/Versions/A/libvMisc.dylib
0x00007fff33897000 	/System/Library/Frameworks/Accelerate.framework/Versions/A/Frameworks/vecLib.framework/Versions/A/libvDSP.dylib
0x00007fff33153000 	/System/Library/Frameworks/Accelerate.framework/Versions/A/Frameworks/vecLib.framework/Versions/A/libBLAS.dylib
0x00007fff33440000 	/System/Library/Frameworks/Accelerate.framework/Versions/A/Frameworks/vecLib.framework/Versions/A/libLAPACK.dylib
0x00007fff337ea000 	/System/Library/Frameworks/Accelerate.framework/Versions/A/Frameworks/vecLib.framework/Versions/A/libLinearAlgebra.dylib
0x00007fff33883000 	/System/Library/Frameworks/Accelerate.framework/Versions/A/Frameworks/vecLib.framework/Versions/A/libSparseBLAS.dylib
0x00007fff33800000 	/System/Library/Frameworks/Accelerate.framework/Versions/A/Frameworks/vecLib.framework/Versions/A/libQuadrature.dylib
0x00007fff333cd000 	/System/Library/Frameworks/Accelerate.framework/Versions/A/Frameworks/vecLib.framework/Versions/A/libBNNS.dylib
0x00007fff33806000 	/System/Library/Frameworks/Accelerate.framework/Versions/A/Frameworks/vecLib.framework/Versions/A/libSparse.dylib
0x00007fff51769000 	/System/Library/PrivateFrameworks/GPUWrangler.framework/Versions/A/GPUWrangler
0x00007fff53a67000 	/System/Library/PrivateFrameworks/IOAccelerator.framework/Versions/A/IOAccelerator
0x00007fff53a72000 	/System/Library/PrivateFrameworks/IOPresentment.framework/Versions/A/IOPresentment
0x00007fff4b1f3000 	/System/Library/PrivateFrameworks/DSExternalDisplay.framework/Versions/A/DSExternalDisplay
0x00007fff3f7a5000 	/System/Library/Frameworks/OpenGL.framework/Versions/A/Libraries/libCoreFSCache.dylib
0x00007fff3b325000 	/System/Library/Frameworks/MetalPerformanceShaders.framework/Frameworks/MPSCore.framework/Versions/A/MPSCore
0x00007fff3b345000 	/System/Library/Frameworks/MetalPerformanceShaders.framework/Frameworks/MPSImage.framework/Versions/A/MPSImage
0x00007fff3b3ea000 	/System/Library/Frameworks/MetalPerformanceShaders.framework/Frameworks/MPSNeuralNetwork.framework/Versions/A/MPSNeuralNetwork
0x00007fff3b3c2000 	/System/Library/Frameworks/MetalPerformanceShaders.framework/Frameworks/MPSMatrix.framework/Versions/A/MPSMatrix
0x00007fff3b516000 	/System/Library/Frameworks/MetalPerformanceShaders.framework/Frameworks/MPSRayIntersector.framework/Versions/A/MPSRayIntersector
0x00007fff54f61000 	/System/Library/PrivateFrameworks/MetalTools.framework/Versions/A/MetalTools
0x00007fff460ab000 	/System/Library/PrivateFrameworks/AggregateDictionary.framework/Versions/A/AggregateDictionary
0x00007fff5f4d6000 	/usr/lib/libMobileGestalt.dylib
0x00007fff3844e000 	/System/Library/Frameworks/CoreVideo.framework/Versions/A/CoreVideo
0x00007fff5257a000 	/System/Library/PrivateFrameworks/GraphVisualizer.framework/Versions/A/GraphVisualizer
0x00007fff4c3f9000 	/System/Library/PrivateFrameworks/FaceCore.framework/Versions/A/FaceCore
0x00007fff3edd3000 	/System/Library/Frameworks/OpenCL.framework/Versions/A/OpenCL
0x00007fff5f22e000 	/usr/lib/libFosl_dynamic.dylib
0x00007fff55d0e000 	/System/Library/PrivateFrameworks/OTSVG.framework/Versions/A/OTSVG
0x00007fff34be1000 	/System/Library/Frameworks/ApplicationServices.framework/Versions/A/Frameworks/ATS.framework/Versions/A/Resources/libFontParser.dylib
0x00007fff34cf9000 	/System/Library/Frameworks/ApplicationServices.framework/Versions/A/Frameworks/ATS.framework/Versions/A/Resources/libFontRegistry.dylib
0x00007fff3935a000 	/System/Library/Frameworks/ImageIO.framework/Versions/A/Resources/libJPEG.dylib
0x00007fff3966c000 	/System/Library/Frameworks/ImageIO.framework/Versions/A/Resources/libTIFF.dylib
0x00007fff39642000 	/System/Library/Frameworks/ImageIO.framework/Versions/A/Resources/libPng.dylib
0x00007fff39278000 	/System/Library/Frameworks/ImageIO.framework/Versions/A/Resources/libGIF.dylib
0x00007fff3927d000 	/System/Library/Frameworks/ImageIO.framework/Versions/A/Resources/libJP2.dylib
0x00007fff39669000 	/System/Library/Frameworks/ImageIO.framework/Versions/A/Resources/libRadiance.dylib
0x00007fff46958000 	/System/Library/PrivateFrameworks/AppleJPEG.framework/Versions/A/AppleJPEG
0x00007fff3f7b0000 	/System/Library/Frameworks/OpenGL.framework/Versions/A/Libraries/libGFXShared.dylib
0x00007fff3f973000 	/System/Library/Frameworks/OpenGL.framework/Versions/A/Libraries/libGLU.dylib
0x00007fff3f7b9000 	/System/Library/Frameworks/OpenGL.framework/Versions/A/Libraries/libGL.dylib
0x00007fff3f7c5000 	/System/Library/Frameworks/OpenGL.framework/Versions/A/Libraries/libGLImage.dylib
0x00007fff3f7a2000 	/System/Library/Frameworks/OpenGL.framework/Versions/A/Libraries/libCVMSPluginSupport.dylib
0x00007fff3f7ab000 	/System/Library/Frameworks/OpenGL.framework/Versions/A/Libraries/libCoreVMClient.dylib
0x00007fff60046000 	/usr/lib/libcups.2.dylib
0x00007fff3a82c000 	/System/Library/Frameworks/Kerberos.framework/Versions/A/Kerberos
0x00007fff38d5c000 	/System/Library/Frameworks/GSS.framework/Versions/A/GSS
0x00007fff61759000 	/usr/lib/libresolv.9.dylib
0x00007fff60238000 	/usr/lib/libiconv.2.dylib
0x00007fff526ef000 	/System/Library/PrivateFrameworks/Heimdal.framework/Versions/A/Heimdal
0x00007fff60208000 	/usr/lib/libheimdal-asn1.dylib
0x00007fff3ee47000 	/System/Library/Frameworks/OpenDirectory.framework/Versions/A/OpenDirectory
0x00007fff4917e000 	/System/Library/PrivateFrameworks/CommonAuth.framework/Versions/A/CommonAuth
0x00007fff3ee2b000 	/System/Library/Frameworks/OpenDirectory.framework/Versions/A/Frameworks/CFOpenDirectory.framework/Versions/A/CFOpenDirectory
0x00007fff41eee000 	/System/Library/Frameworks/SecurityFoundation.framework/Versions/A/SecurityFoundation
0x00007fff455f2000 	/System/Library/PrivateFrameworks/APFS.framework/Versions/A/APFS
0x00007fff61bba000 	/usr/lib/libutil.dylib
0x00007fff5f8e3000 	/usr/lib/libcharset.1.dylib
0x00007fff46bf5000 	/System/Library/PrivateFrameworks/AppleSauce.framework/Versions/A/AppleSauce
0x00007fff46d76000 	/System/Library/PrivateFrameworks/AssertionServices.framework/Versions/A/AssertionServices
0x00007fff474a6000 	/System/Library/PrivateFrameworks/BaseBoard.framework/Versions/A/BaseBoard
0x00007fff60609000 	/usr/lib/libmecab.1.0.0.dylib
0x00007fff60202000 	/usr/lib/libgermantok.dylib
0x00007fff5f6b3000 	/usr/lib/libThaiTokenizer.dylib
0x00007fff5f15e000 	/usr/lib/libChineseTokenizer.dylib
0x00007fff5411f000 	/System/Library/PrivateFrameworks/LanguageModeling.framework/Versions/A/LanguageModeling
0x00007fff49e60000 	/System/Library/PrivateFrameworks/CoreEmoji.framework/Versions/A/CoreEmoji
0x00007fff541fb000 	/System/Library/PrivateFrameworks/Lexicon.framework/Versions/A/Lexicon
0x00007fff5423e000 	/System/Library/PrivateFrameworks/LinguisticData.framework/Versions/A/LinguisticData
0x00007fff5f8e4000 	/usr/lib/libcmph.dylib
0x00007fff41fac000 	/System/Library/Frameworks/ServiceManagement.framework/Versions/A/ServiceManagement
0x00007fff47407000 	/System/Library/PrivateFrameworks/BackgroundTaskManagement.framework/Versions/A/BackgroundTaskManagement
0x00007fff61cb3000 	/usr/lib/libxslt.1.dylib
0x00007fff35c4e000 	/System/Library/Frameworks/Carbon.framework/Versions/A/Frameworks/Ink.framework/Versions/A/Ink
0x00007fff5d1ee000 	/System/Library/PrivateFrameworks/TextureIO.framework/Versions/A/TextureIO
0x00007fff5f707000 	/usr/lib/libate.dylib
0x00007fff4b142000 	/System/Library/PrivateFrameworks/CrashReporterSupport.framework/Versions/A/CrashReporterSupport
0x00007fff5a928000 	/System/Library/PrivateFrameworks/Sharing.framework/Versions/A/Sharing
0x00007fff47159000 	/System/Library/PrivateFrameworks/AuthKit.framework/Versions/A/AuthKit
0x00007fff466ad000 	/System/Library/PrivateFrameworks/Apple80211.framework/Versions/A/Apple80211
0x00007fff4aeea000 	/System/Library/PrivateFrameworks/CoreUtils.framework/Versions/A/CoreUtils
0x00007fff3848f000 	/System/Library/Frameworks/CoreWLAN.framework/Versions/A/CoreWLAN
0x00007fff38e8b000 	/System/Library/Frameworks/IOBluetooth.framework/Versions/A/IOBluetooth
0x00007fff58d98000 	/System/Library/PrivateFrameworks/ProtocolBuffer.framework/Versions/A/ProtocolBuffer
0x00007fff55199000 	/System/Library/PrivateFrameworks/MobileKeyBag.framework/Versions/A/MobileKeyBag
0x00007fff4a72e000 	/System/Library/PrivateFrameworks/CorePhoneNumbers.framework/Versions/A/CorePhoneNumbers
0x00007fff4690c000 	/System/Library/PrivateFrameworks/AppleIDAuthSupport.framework/Versions/A/AppleIDAuthSupport
0x00007fff540f2000 	/System/Library/PrivateFrameworks/KeychainCircle.framework/Versions/A/KeychainCircle
0x00007fff58f4e000 	/System/Library/PrivateFrameworks/ROCKit.framework/Versions/A/ROCKit
0x00007fff4b0de000 	/System/Library/PrivateFrameworks/CoreWiFi.framework/Versions/A/CoreWiFi
0x00007fff3621c000 	/System/Library/Frameworks/CoreBluetooth.framework/Versions/A/CoreBluetooth
0x00007fff4b339000 	/System/Library/PrivateFrameworks/DebugSymbols.framework/Versions/A/DebugSymbols
0x00007fff4acaa000 	/System/Library/PrivateFrameworks/CoreSymbolication.framework/Versions/A/CoreSymbolication
0x00007fff5ca09000 	/System/Library/PrivateFrameworks/Symbolication.framework/Versions/A/Symbolication
0x00007fff5c2ac000 	/System/Library/PrivateFrameworks/SpeechRecognitionCore.framework/Versions/A/SpeechRecognitionCore
0x0000000108e00000 	/Library/Java/JavaVirtualMachines/jdk-10.0.2.jdk/Contents/Home/lib/server/libjvm.dylib
0x00007fff61a95000 	/usr/lib/libstdc++.6.dylib
0x00000001084fc000 	/Library/Java/JavaVirtualMachines/jdk-10.0.2.jdk/Contents/Home/lib/libverify.dylib
0x0000000108509000 	/Library/Java/JavaVirtualMachines/jdk-10.0.2.jdk/Contents/Home/lib/libjava.dylib
0x000000010859e000 	/Library/Java/JavaVirtualMachines/jdk-10.0.2.jdk/Contents/Home/lib/libzip.dylib
0x00000001085a6000 	/Library/Java/JavaVirtualMachines/jdk-10.0.2.jdk/Contents/Home/lib/libjimage.dylib
0x000000010a6c3000 	/Library/Java/JavaVirtualMachines/jdk-10.0.2.jdk/Contents/Home/lib/libnio.dylib
0x000000012bf39000 	/Library/Java/JavaVirtualMachines/jdk-10.0.2.jdk/Contents/Home/lib/./libnet.dylib
0x000000010a696000 	/Library/Java/JavaVirtualMachines/jdk-10.0.2.jdk/Contents/Home/lib/libmanagement.dylib
0x000000012bf33000 	/Library/Java/JavaVirtualMachines/jdk-10.0.2.jdk/Contents/Home/lib/libmanagement_ext.dylib
0x000000012d139000 	/Library/Java/JavaVirtualMachines/jdk-10.0.2.jdk/Contents/Home/lib/libsunec.dylib


VM Arguments:
jvm_args: -Dfile.encoding=UTF-8 
java_command: tutor.searcher.TutorSearcher.TutorSearcherApplication
java_class_path (initial): /Users/kristynhamasaki/Desktop/TutorSearcher/server/TutorSearcher/target/classes:/Users/kristynhamasaki/.m2/repository/org/springframework/boot/spring-boot-starter-web/2.2.0.RELEASE/spring-boot-starter-web-2.2.0.RELEASE.jar:/Users/kristynhamasaki/.m2/repository/org/springframework/boot/spring-boot-starter/2.2.0.RELEASE/spring-boot-starter-2.2.0.RELEASE.jar:/Users/kristynhamasaki/.m2/repository/org/springframework/boot/spring-boot/2.2.0.RELEASE/spring-boot-2.2.0.RELEASE.jar:/Users/kristynhamasaki/.m2/repository/org/springframework/boot/spring-boot-autoconfigure/2.2.0.RELEASE/spring-boot-autoconfigure-2.2.0.RELEASE.jar:/Users/kristynhamasaki/.m2/repository/org/springframework/boot/spring-boot-starter-logging/2.2.0.RELEASE/spring-boot-starter-logging-2.2.0.RELEASE.jar:/Users/kristynhamasaki/.m2/repository/ch/qos/logback/logback-classic/1.2.3/logback-classic-1.2.3.jar:/Users/kristynhamasaki/.m2/repository/ch/qos/logback/logback-core/1.2.3/logback-core-1.2.3.jar:/Users/kristynhamasaki/.m2/repository/org/apache/logging/log4j/log4j-to-slf4j/2.12.1/log4j-to-slf4j-2.12.1.jar:/Users/kristynhamasaki/.m2/repository/org/apache/logging/log4j/log4j-api/2.12.1/log4j-api-2.12.1.jar:/Users/kristynhamasaki/.m2/repository/org/slf4j/jul-to-slf4j/1.7.28/jul-to-slf4j-1.7.28.jar:/Users/kristynhamasaki/.m2/repository/jakarta/annotation/jakarta.annotation-api/1.3.5/jakarta.annotation-api-1.3.5.jar:/Users/kristynhamasaki/.m2/repository/org/yaml/snakeyaml/1.25/snakeyaml-1.25.jar:/Users/kristynhamasaki/.m2/repository/org/springframework/boot/spring-boot-starter-json/2.2.0.RELEASE/spring-boot-starter-json-2.2.0.RELEASE.jar:/Users/kristynhamasaki/.m2/repository/com/fasterxml/jackson/core/jackson-databind/2.10.0/jackson-databind-2.10.0.jar:/Users/kristynhamasaki/.m2/repository/com/fasterxml/jackson/core/jackson-annotations/2.10.0/jackson-annotations-2.10.0.jar:/Users/kristynhamasaki/.m2/repository/com/fasterxml/jackson/core/jackson-core/2.10.0/jackson-core-2.10.0.jar:/
Launcher Type: SUN_STANDARD

Logging:
Log output configuration:
#0: stdout all=warning uptime,level,tags
#1: stderr all=off uptime,level,tags

Environment Variables:
PATH=/usr/bin:/bin:/usr/sbin:/sbin
SHELL=/bin/bash

Signal Handlers:
SIGSEGV: [libjvm.dylib+0x79ac14], sa_mask[0]=11111111011111110111111111111111, sa_flags=SA_ONSTACK|SA_RESTART|SA_SIGINFO
SIGBUS: [libjvm.dylib+0x79ac14], sa_mask[0]=11111111011111110111111111111111, sa_flags=SA_RESTART|SA_SIGINFO
SIGFPE: [libjvm.dylib+0x79ac14], sa_mask[0]=11111111011111110111111111111111, sa_flags=SA_RESTART|SA_SIGINFO
SIGPIPE: [libjvm.dylib+0x635960], sa_mask[0]=11111111011111110111111111111111, sa_flags=SA_RESTART|SA_SIGINFO
SIGXFSZ: [libjvm.dylib+0x635960], sa_mask[0]=11111111011111110111111111111111, sa_flags=SA_RESTART|SA_SIGINFO
SIGILL: [libjvm.dylib+0x79ac14], sa_mask[0]=11111111011111110111111111111111, sa_flags=SA_RESTART|SA_SIGINFO
SIGUSR2: [libjvm.dylib+0x6361f0], sa_mask[0]=00100000000000000000000000000000, sa_flags=SA_RESTART|SA_SIGINFO
SIGHUP: [libjvm.dylib+0x6349db], sa_mask[0]=11111111011111110111111111111111, sa_flags=SA_RESTART|SA_SIGINFO
SIGINT: [libjvm.dylib+0x6349db], sa_mask[0]=11111111011111110111111111111111, sa_flags=SA_RESTART|SA_SIGINFO
SIGTERM: [libjvm.dylib+0x6349db], sa_mask[0]=11111111011111110111111111111111, sa_flags=SA_RESTART|SA_SIGINFO
SIGQUIT: [libjvm.dylib+0x6349db], sa_mask[0]=11111111011111110111111111111111, sa_flags=SA_RESTART|SA_SIGINFO


---------------  S Y S T E M  ---------------

OS:uname:Darwin 18.7.0 Darwin Kernel Version 18.7.0: Thu Jun 20 18:42:21 PDT 2019; root:xnu-4903.270.47~4/RELEASE_X86_64 x86_64
rlimit: STACK 8192k, CORE 0k, NPROC 709, NOFILE 10240, AS infinity, DATA infinity, FSIZE infinity
load average:4.65 4.51 4.73

CPU:total 4 (initial active 4) (2 cores per cpu, 2 threads per core) family 6 model 61 stepping 4, cmov, cx8, fxsr, mmx, sse, sse2, sse3, ssse3, sse4.1, sse4.2, popcnt, avx, avx2, aes, clmul, erms, 3dnowpref, lzcnt, ht, tsc, tscinvbit, bmi1, bmi2, adx, fma

Memory: 4k page, physical 8388608k(38024k free)

vm_info: Java HotSpot(TM) 64-Bit Server VM (10.0.2+13) for bsd-amd64 JRE (10.0.2+13), built on Jun 28 2018 00:49:51 by "mach5one" with gcc 4.2.1 Compatible Apple LLVM 6.1.0 (clang-602.0.49)

END.
